2026-02-12 21:15:12,810 INFO: Download Anything startup [in C:\Users\shado\OneDrive\downloadanything\download-anything\app.py:30]
2026-02-12 21:30:20,457 INFO: Download Anything startup [in C:\Users\shado\OneDrive\downloadanything\download-anything\app.py:30]
2026-02-12 21:31:51,163 INFO: Starting download: https://www.youtube.com/watch?v=dQw4w9WgXcQ [in C:\Users\shado\OneDrive\downloadanything\download-anything\app.py:107]
2026-02-12 21:31:58,290 INFO: Download completed: Rick Astley - Never Gonna Give You Up (Official Video) (4K Remaster).mp4 [in C:\Users\shado\OneDrive\downloadanything\download-anything\app.py:111]
2026-02-12 23:36:51,003 INFO: Download Anything startup [in C:\Users\shado\OneDrive\downloadanything\download-anything\app.py:34]
2026-02-12 23:53:09,883 INFO: Download Anything startup [in C:\Users\shado\OneDrive\downloadanything\download-anything\app.py:34]
2026-02-12 23:53:41,719 ERROR: Exception on /tool/subtitle-downloader [GET] [in C:\Users\shado\AppData\Roaming\Python\Python314\site-packages\flask\app.py:875]
Traceback (most recent call last):
  File "C:\Users\shado\AppData\Roaming\Python\Python314\site-packages\flask\app.py", line 1511, in wsgi_app
    response = self.full_dispatch_request()
  File "C:\Users\shado\AppData\Roaming\Python\Python314\site-packages\flask\app.py", line 919, in full_dispatch_request
    rv = self.handle_user_exception(e)
  File "C:\Users\shado\AppData\Roaming\Python\Python314\site-packages\flask\app.py", line 917, in full_dispatch_request
    rv = self.dispatch_request()
  File "C:\Users\shado\AppData\Roaming\Python\Python314\site-packages\flask\app.py", line 902, in dispatch_request
    return self.ensure_sync(self.view_functions[rule.endpoint])(**view_args)  # type: ignore[no-any-return]
           ~~~~~~~~~~~~~~~~~~~~~~~~~~~~~~~~~~~~~~~~~~~~~~~~~~~~^^^^^^^^^^^^^
  File "C:\Users\shado\OneDrive\downloadanything\download-anything\app.py", line 122, in tool_subtitle
    return render_template('tool_subtitle.html')
  File "C:\Users\shado\AppData\Roaming\Python\Python314\site-packages\flask\templating.py", line 149, in render_template
    template = app.jinja_env.get_or_select_template(template_name_or_list)
  File "C:\Users\shado\AppData\Roaming\Python\Python314\site-packages\jinja2\environment.py", line 1087, in get_or_select_template
    return self.get_template(template_name_or_list, parent, globals)
           ~~~~~~~~~~~~~~~~~^^^^^^^^^^^^^^^^^^^^^^^^^^^^^^^^^^^^^^^^
  File "C:\Users\shado\AppData\Roaming\Python\Python314\site-packages\jinja2\environment.py", line 1016, in get_template
    return self._load_template(name, globals)
           ~~~~~~~~~~~~~~~~~~~^^^^^^^^^^^^^^^
  File "C:\Users\shado\AppData\Roaming\Python\Python314\site-packages\jinja2\environment.py", line 975, in _load_template
    template = self.loader.load(self, name, self.make_globals(globals))
  File "C:\Users\shado\AppData\Roaming\Python\Python314\site-packages\jinja2\loaders.py", line 126, in load
    source, filename, uptodate = self.get_source(environment, name)
                                 ~~~~~~~~~~~~~~~^^^^^^^^^^^^^^^^^^^
  File "C:\Users\shado\AppData\Roaming\Python\Python314\site-packages\flask\templating.py", line 65, in get_source
    return self._get_source_fast(environment, template)
           ~~~~~~~~~~~~~~~~~~~~~^^^^^^^^^^^^^^^^^^^^^^^
  File "C:\Users\shado\AppData\Roaming\Python\Python314\site-packages\flask\templating.py", line 99, in _get_source_fast
    raise TemplateNotFound(template)
jinja2.exceptions.TemplateNotFound: tool_subtitle.html
2026-02-12 23:53:41,736 ERROR: Internal error: 500 Internal Server Error: The server encountered an internal error and was unable to complete your request. Either the server is overloaded or there is an error in the application. [in C:\Users\shado\OneDrive\downloadanything\download-anything\app.py:419]
2026-02-12 23:54:18,602 ERROR: Exception on /tool/subtitle-downloader [GET] [in C:\Users\shado\AppData\Roaming\Python\Python314\site-packages\flask\app.py:875]
Traceback (most recent call last):
  File "C:\Users\shado\AppData\Roaming\Python\Python314\site-packages\flask\app.py", line 1511, in wsgi_app
    response = self.full_dispatch_request()
  File "C:\Users\shado\AppData\Roaming\Python\Python314\site-packages\flask\app.py", line 919, in full_dispatch_request
    rv = self.handle_user_exception(e)
  File "C:\Users\shado\AppData\Roaming\Python\Python314\site-packages\flask\app.py", line 917, in full_dispatch_request
    rv = self.dispatch_request()
  File "C:\Users\shado\AppData\Roaming\Python\Python314\site-packages\flask\app.py", line 902, in dispatch_request
    return self.ensure_sync(self.view_functions[rule.endpoint])(**view_args)  # type: ignore[no-any-return]
           ~~~~~~~~~~~~~~~~~~~~~~~~~~~~~~~~~~~~~~~~~~~~~~~~~~~~^^^^^^^^^^^^^
  File "C:\Users\shado\OneDrive\downloadanything\download-anything\app.py", line 122, in tool_subtitle
    return render_template('tool_subtitle.html')
  File "C:\Users\shado\AppData\Roaming\Python\Python314\site-packages\flask\templating.py", line 149, in render_template
    template = app.jinja_env.get_or_select_template(template_name_or_list)
  File "C:\Users\shado\AppData\Roaming\Python\Python314\site-packages\jinja2\environment.py", line 1087, in get_or_select_template
    return self.get_template(template_name_or_list, parent, globals)
           ~~~~~~~~~~~~~~~~~^^^^^^^^^^^^^^^^^^^^^^^^^^^^^^^^^^^^^^^^
  File "C:\Users\shado\AppData\Roaming\Python\Python314\site-packages\jinja2\environment.py", line 1016, in get_template
    return self._load_template(name, globals)
           ~~~~~~~~~~~~~~~~~~~^^^^^^^^^^^^^^^
  File "C:\Users\shado\AppData\Roaming\Python\Python314\site-packages\jinja2\environment.py", line 975, in _load_template
    template = self.loader.load(self, name, self.make_globals(globals))
  File "C:\Users\shado\AppData\Roaming\Python\Python314\site-packages\jinja2\loaders.py", line 126, in load
    source, filename, uptodate = self.get_source(environment, name)
                                 ~~~~~~~~~~~~~~~^^^^^^^^^^^^^^^^^^^
  File "C:\Users\shado\AppData\Roaming\Python\Python314\site-packages\flask\templating.py", line 65, in get_source
    return self._get_source_fast(environment, template)
           ~~~~~~~~~~~~~~~~~~~~~^^^^^^^^^^^^^^^^^^^^^^^
  File "C:\Users\shado\AppData\Roaming\Python\Python314\site-packages\flask\templating.py", line 99, in _get_source_fast
    raise TemplateNotFound(template)
jinja2.exceptions.TemplateNotFound: tool_subtitle.html
2026-02-12 23:54:18,608 ERROR: Internal error: 500 Internal Server Error: The server encountered an internal error and was unable to complete your request. Either the server is overloaded or there is an error in the application. [in C:\Users\shado\OneDrive\downloadanything\download-anything\app.py:419]
2026-02-12 23:54:20,897 ERROR: Exception on /tool/subtitle-downloader [GET] [in C:\Users\shado\AppData\Roaming\Python\Python314\site-packages\flask\app.py:875]
Traceback (most recent call last):
  File "C:\Users\shado\AppData\Roaming\Python\Python314\site-packages\flask\app.py", line 1511, in wsgi_app
    response = self.full_dispatch_request()
  File "C:\Users\shado\AppData\Roaming\Python\Python314\site-packages\flask\app.py", line 919, in full_dispatch_request
    rv = self.handle_user_exception(e)
  File "C:\Users\shado\AppData\Roaming\Python\Python314\site-packages\flask\app.py", line 917, in full_dispatch_request
    rv = self.dispatch_request()
  File "C:\Users\shado\AppData\Roaming\Python\Python314\site-packages\flask\app.py", line 902, in dispatch_request
    return self.ensure_sync(self.view_functions[rule.endpoint])(**view_args)  # type: ignore[no-any-return]
           ~~~~~~~~~~~~~~~~~~~~~~~~~~~~~~~~~~~~~~~~~~~~~~~~~~~~^^^^^^^^^^^^^
  File "C:\Users\shado\OneDrive\downloadanything\download-anything\app.py", line 122, in tool_subtitle
    return render_template('tool_subtitle.html')
  File "C:\Users\shado\AppData\Roaming\Python\Python314\site-packages\flask\templating.py", line 149, in render_template
    template = app.jinja_env.get_or_select_template(template_name_or_list)
  File "C:\Users\shado\AppData\Roaming\Python\Python314\site-packages\jinja2\environment.py", line 1087, in get_or_select_template
    return self.get_template(template_name_or_list, parent, globals)
           ~~~~~~~~~~~~~~~~~^^^^^^^^^^^^^^^^^^^^^^^^^^^^^^^^^^^^^^^^
  File "C:\Users\shado\AppData\Roaming\Python\Python314\site-packages\jinja2\environment.py", line 1016, in get_template
    return self._load_template(name, globals)
           ~~~~~~~~~~~~~~~~~~~^^^^^^^^^^^^^^^
  File "C:\Users\shado\AppData\Roaming\Python\Python314\site-packages\jinja2\environment.py", line 975, in _load_template
    template = self.loader.load(self, name, self.make_globals(globals))
  File "C:\Users\shado\AppData\Roaming\Python\Python314\site-packages\jinja2\loaders.py", line 126, in load
    source, filename, uptodate = self.get_source(environment, name)
                                 ~~~~~~~~~~~~~~~^^^^^^^^^^^^^^^^^^^
  File "C:\Users\shado\AppData\Roaming\Python\Python314\site-packages\flask\templating.py", line 65, in get_source
    return self._get_source_fast(environment, template)
           ~~~~~~~~~~~~~~~~~~~~~^^^^^^^^^^^^^^^^^^^^^^^
  File "C:\Users\shado\AppData\Roaming\Python\Python314\site-packages\flask\templating.py", line 99, in _get_source_fast
    raise TemplateNotFound(template)
jinja2.exceptions.TemplateNotFound: tool_subtitle.html
2026-02-12 23:54:20,906 ERROR: Internal error: 500 Internal Server Error: The server encountered an internal error and was unable to complete your request. Either the server is overloaded or there is an error in the application. [in C:\Users\shado\OneDrive\downloadanything\download-anything\app.py:419]
